Performing C SOURCE FILE Test CMAKE_HAVE_LIBC_PTHREAD failed with the following output:
Change Dir: /home/tan/reading/slambook2/ch6/ceres_curve_fitting/build/CMakeFiles/CMakeTmp

Run Build Command(s):/usr/bin/make cmTC_82da3/fast && /usr/bin/make -f CMakeFiles/cmTC_82da3.dir/build.make CMakeFiles/cmTC_82da3.dir/build
make[1]: 进入目录“/home/tan/reading/slambook2/ch6/ceres_curve_fitting/build/CMakeFiles/CMakeTmp”
Building C object CMakeFiles/cmTC_82da3.dir/src.c.o
/usr/bin/cc   -DCMAKE_HAVE_LIBC_PTHREAD   -o CMakeFiles/cmTC_82da3.dir/src.c.o   -c /home/tan/reading/slambook2/ch6/ceres_curve_fitting/build/CMakeFiles/CMakeTmp/src.c
Linking C executable cmTC_82da3
/usr/bin/cmake -E cmake_link_script CMakeFiles/cmTC_82da3.dir/link.txt --verbose=1
/usr/bin/cc  -DCMAKE_HAVE_LIBC_PTHREAD    -rdynamic CMakeFiles/cmTC_82da3.dir/src.c.o  -o cmTC_82da3 
/usr/bin/ld: CMakeFiles/cmTC_82da3.dir/src.c.o: in function `main':
src.c:(.text+0x3e): undefined reference to `pthread_create'
/usr/bin/ld: src.c:(.text+0x4a): undefined reference to `pthread_detach'
/usr/bin/ld: src.c:(.text+0x5b): undefined reference to `pthread_join'
collect2: error: ld returned 1 exit status
make[1]: *** [CMakeFiles/cmTC_82da3.dir/build.make:87：cmTC_82da3] 错误 1
make[1]: 离开目录“/home/tan/reading/slambook2/ch6/ceres_curve_fitting/build/CMakeFiles/CMakeTmp”
make: *** [Makefile:121：cmTC_82da3/fast] 错误 2


Source file was:
#include <pthread.h>

void* test_func(void* data)
{
  return data;
}

int main(void)
{
  pthread_t thread;
  pthread_create(&thread, NULL, test_func, NULL);
  pthread_detach(thread);
  pthread_join(thread, NULL);
  pthread_atfork(NULL, NULL, NULL);
  pthread_exit(NULL);

  return 0;
}

Determining if the function pthread_create exists in the pthreads failed with the following output:
Change Dir: /home/tan/reading/slambook2/ch6/ceres_curve_fitting/build/CMakeFiles/CMakeTmp

Run Build Command(s):/usr/bin/make cmTC_a91da/fast && /usr/bin/make -f CMakeFiles/cmTC_a91da.dir/build.make CMakeFiles/cmTC_a91da.dir/build
make[1]: 进入目录“/home/tan/reading/slambook2/ch6/ceres_curve_fitting/build/CMakeFiles/CMakeTmp”
Building C object CMakeFiles/cmTC_a91da.dir/CheckFunctionExists.c.o
/usr/bin/cc   -DCHECK_FUNCTION_EXISTS=pthread_create   -o CMakeFiles/cmTC_a91da.dir/CheckFunctionExists.c.o   -c /usr/share/cmake-3.16/Modules/CheckFunctionExists.c
Linking C executable cmTC_a91da
/usr/bin/cmake -E cmake_link_script CMakeFiles/cmTC_a91da.dir/link.txt --verbose=1
/usr/bin/cc  -DCHECK_FUNCTION_EXISTS=pthread_create    -rdynamic CMakeFiles/cmTC_a91da.dir/CheckFunctionExists.c.o  -o cmTC_a91da  -lpthreads 
/usr/bin/ld: 找不到 -lpthreads
collect2: error: ld returned 1 exit status
make[1]: *** [CMakeFiles/cmTC_a91da.dir/build.make:87：cmTC_a91da] 错误 1
make[1]: 离开目录“/home/tan/reading/slambook2/ch6/ceres_curve_fitting/build/CMakeFiles/CMakeTmp”
make: *** [Makefile:121：cmTC_a91da/fast] 错误 2



Determining if the function sgemm_ exists failed with the following output:
Change Dir: /home/tan/reading/slambook2/ch6/ceres_curve_fitting/build/CMakeFiles/CMakeTmp

Run Build Command(s):/usr/bin/make cmTC_ef715/fast && /usr/bin/make -f CMakeFiles/cmTC_ef715.dir/build.make CMakeFiles/cmTC_ef715.dir/build
make[1]: 进入目录“/home/tan/reading/slambook2/ch6/ceres_curve_fitting/build/CMakeFiles/CMakeTmp”
Building C object CMakeFiles/cmTC_ef715.dir/CheckFunctionExists.c.o
/usr/bin/cc   -DCHECK_FUNCTION_EXISTS=sgemm_   -o CMakeFiles/cmTC_ef715.dir/CheckFunctionExists.c.o   -c /usr/share/cmake-3.16/Modules/CheckFunctionExists.c
Linking C executable cmTC_ef715
/usr/bin/cmake -E cmake_link_script CMakeFiles/cmTC_ef715.dir/link.txt --verbose=1
/usr/bin/cc  -DCHECK_FUNCTION_EXISTS=sgemm_    -rdynamic CMakeFiles/cmTC_ef715.dir/CheckFunctionExists.c.o  -o cmTC_ef715 
/usr/bin/ld: CMakeFiles/cmTC_ef715.dir/CheckFunctionExists.c.o: in function `main':
CheckFunctionExists.c:(.text+0x10): undefined reference to `sgemm_'
collect2: error: ld returned 1 exit status
make[1]: *** [CMakeFiles/cmTC_ef715.dir/build.make:87：cmTC_ef715] 错误 1
make[1]: 离开目录“/home/tan/reading/slambook2/ch6/ceres_curve_fitting/build/CMakeFiles/CMakeTmp”
make: *** [Makefile:121：cmTC_ef715/fast] 错误 2



Determining if the function cheev_ exists failed with the following output:
Change Dir: /home/tan/reading/slambook2/ch6/ceres_curve_fitting/build/CMakeFiles/CMakeTmp

Run Build Command(s):/usr/bin/make cmTC_31031/fast && /usr/bin/make -f CMakeFiles/cmTC_31031.dir/build.make CMakeFiles/cmTC_31031.dir/build
make[1]: 进入目录“/home/tan/reading/slambook2/ch6/ceres_curve_fitting/build/CMakeFiles/CMakeTmp”
Building C object CMakeFiles/cmTC_31031.dir/CheckFunctionExists.c.o
/usr/bin/cc   -DCHECK_FUNCTION_EXISTS=cheev_   -o CMakeFiles/cmTC_31031.dir/CheckFunctionExists.c.o   -c /usr/share/cmake-3.16/Modules/CheckFunctionExists.c
Linking C executable cmTC_31031
/usr/bin/cmake -E cmake_link_script CMakeFiles/cmTC_31031.dir/link.txt --verbose=1
/usr/bin/cc  -DCHECK_FUNCTION_EXISTS=cheev_    -rdynamic CMakeFiles/cmTC_31031.dir/CheckFunctionExists.c.o  -o cmTC_31031  /usr/lib/x86_64-linux-gnu/libf77blas.so /usr/lib/x86_64-linux-gnu/libatlas.so 
/usr/bin/ld: CMakeFiles/cmTC_31031.dir/CheckFunctionExists.c.o: in function `main':
CheckFunctionExists.c:(.text+0x10): undefined reference to `cheev_'
collect2: error: ld returned 1 exit status
make[1]: *** [CMakeFiles/cmTC_31031.dir/build.make:89：cmTC_31031] 错误 1
make[1]: 离开目录“/home/tan/reading/slambook2/ch6/ceres_curve_fitting/build/CMakeFiles/CMakeTmp”
make: *** [Makefile:121：cmTC_31031/fast] 错误 2



Performing C SOURCE FILE Test CMAKE_HAVE_LIBC_PTHREAD failed with the following output:
Change Dir: /home/tan/reading/slambook2/ch6/ceres_curve_fitting/build/CMakeFiles/CMakeTmp

Run Build Command(s):/usr/bin/make cmTC_b05bc/fast && /usr/bin/make -f CMakeFiles/cmTC_b05bc.dir/build.make CMakeFiles/cmTC_b05bc.dir/build
make[1]: 进入目录“/home/tan/reading/slambook2/ch6/ceres_curve_fitting/build/CMakeFiles/CMakeTmp”
Building C object CMakeFiles/cmTC_b05bc.dir/src.c.o
/usr/bin/cc   -DCMAKE_HAVE_LIBC_PTHREAD   -o CMakeFiles/cmTC_b05bc.dir/src.c.o   -c /home/tan/reading/slambook2/ch6/ceres_curve_fitting/build/CMakeFiles/CMakeTmp/src.c
Linking C executable cmTC_b05bc
/usr/bin/cmake -E cmake_link_script CMakeFiles/cmTC_b05bc.dir/link.txt --verbose=1
/usr/bin/cc  -DCMAKE_HAVE_LIBC_PTHREAD    -rdynamic CMakeFiles/cmTC_b05bc.dir/src.c.o  -o cmTC_b05bc 
/usr/bin/ld: CMakeFiles/cmTC_b05bc.dir/src.c.o: in function `main':
src.c:(.text+0x3e): undefined reference to `pthread_create'
/usr/bin/ld: src.c:(.text+0x4a): undefined reference to `pthread_detach'
/usr/bin/ld: src.c:(.text+0x5b): undefined reference to `pthread_join'
collect2: error: ld returned 1 exit status
make[1]: *** [CMakeFiles/cmTC_b05bc.dir/build.make:87：cmTC_b05bc] 错误 1
make[1]: 离开目录“/home/tan/reading/slambook2/ch6/ceres_curve_fitting/build/CMakeFiles/CMakeTmp”
make: *** [Makefile:121：cmTC_b05bc/fast] 错误 2


Source file was:
#include <pthread.h>

void* test_func(void* data)
{
  return data;
}

int main(void)
{
  pthread_t thread;
  pthread_create(&thread, NULL, test_func, NULL);
  pthread_detach(thread);
  pthread_join(thread, NULL);
  pthread_atfork(NULL, NULL, NULL);
  pthread_exit(NULL);

  return 0;
}

Determining if the function pthread_create exists in the pthreads failed with the following output:
Change Dir: /home/tan/reading/slambook2/ch6/ceres_curve_fitting/build/CMakeFiles/CMakeTmp

Run Build Command(s):/usr/bin/make cmTC_daad5/fast && /usr/bin/make -f CMakeFiles/cmTC_daad5.dir/build.make CMakeFiles/cmTC_daad5.dir/build
make[1]: 进入目录“/home/tan/reading/slambook2/ch6/ceres_curve_fitting/build/CMakeFiles/CMakeTmp”
Building C object CMakeFiles/cmTC_daad5.dir/CheckFunctionExists.c.o
/usr/bin/cc   -DCHECK_FUNCTION_EXISTS=pthread_create   -o CMakeFiles/cmTC_daad5.dir/CheckFunctionExists.c.o   -c /usr/share/cmake-3.16/Modules/CheckFunctionExists.c
Linking C executable cmTC_daad5
/usr/bin/cmake -E cmake_link_script CMakeFiles/cmTC_daad5.dir/link.txt --verbose=1
/usr/bin/cc  -DCHECK_FUNCTION_EXISTS=pthread_create    -rdynamic CMakeFiles/cmTC_daad5.dir/CheckFunctionExists.c.o  -o cmTC_daad5  -lpthreads 
/usr/bin/ld: 找不到 -lpthreads
collect2: error: ld returned 1 exit status
make[1]: *** [CMakeFiles/cmTC_daad5.dir/build.make:87：cmTC_daad5] 错误 1
make[1]: 离开目录“/home/tan/reading/slambook2/ch6/ceres_curve_fitting/build/CMakeFiles/CMakeTmp”
make: *** [Makefile:121：cmTC_daad5/fast] 错误 2



Determining if the function sgemm_ exists failed with the following output:
Change Dir: /home/tan/reading/slambook2/ch6/ceres_curve_fitting/build/CMakeFiles/CMakeTmp

Run Build Command(s):/usr/bin/make cmTC_3e592/fast && /usr/bin/make -f CMakeFiles/cmTC_3e592.dir/build.make CMakeFiles/cmTC_3e592.dir/build
make[1]: 进入目录“/home/tan/reading/slambook2/ch6/ceres_curve_fitting/build/CMakeFiles/CMakeTmp”
Building C object CMakeFiles/cmTC_3e592.dir/CheckFunctionExists.c.o
/usr/bin/cc   -DCHECK_FUNCTION_EXISTS=sgemm_   -o CMakeFiles/cmTC_3e592.dir/CheckFunctionExists.c.o   -c /usr/share/cmake-3.16/Modules/CheckFunctionExists.c
Linking C executable cmTC_3e592
/usr/bin/cmake -E cmake_link_script CMakeFiles/cmTC_3e592.dir/link.txt --verbose=1
/usr/bin/cc  -DCHECK_FUNCTION_EXISTS=sgemm_    -rdynamic CMakeFiles/cmTC_3e592.dir/CheckFunctionExists.c.o  -o cmTC_3e592 
/usr/bin/ld: CMakeFiles/cmTC_3e592.dir/CheckFunctionExists.c.o: in function `main':
CheckFunctionExists.c:(.text+0x10): undefined reference to `sgemm_'
collect2: error: ld returned 1 exit status
make[1]: *** [CMakeFiles/cmTC_3e592.dir/build.make:87：cmTC_3e592] 错误 1
make[1]: 离开目录“/home/tan/reading/slambook2/ch6/ceres_curve_fitting/build/CMakeFiles/CMakeTmp”
make: *** [Makefile:121：cmTC_3e592/fast] 错误 2



Determining if the function cheev_ exists failed with the following output:
Change Dir: /home/tan/reading/slambook2/ch6/ceres_curve_fitting/build/CMakeFiles/CMakeTmp

Run Build Command(s):/usr/bin/make cmTC_a7d5c/fast && /usr/bin/make -f CMakeFiles/cmTC_a7d5c.dir/build.make CMakeFiles/cmTC_a7d5c.dir/build
make[1]: 进入目录“/home/tan/reading/slambook2/ch6/ceres_curve_fitting/build/CMakeFiles/CMakeTmp”
Building C object CMakeFiles/cmTC_a7d5c.dir/CheckFunctionExists.c.o
/usr/bin/cc   -DCHECK_FUNCTION_EXISTS=cheev_   -o CMakeFiles/cmTC_a7d5c.dir/CheckFunctionExists.c.o   -c /usr/share/cmake-3.16/Modules/CheckFunctionExists.c
Linking C executable cmTC_a7d5c
/usr/bin/cmake -E cmake_link_script CMakeFiles/cmTC_a7d5c.dir/link.txt --verbose=1
/usr/bin/cc  -DCHECK_FUNCTION_EXISTS=cheev_    -rdynamic CMakeFiles/cmTC_a7d5c.dir/CheckFunctionExists.c.o  -o cmTC_a7d5c  /usr/lib/x86_64-linux-gnu/libf77blas.so /usr/lib/x86_64-linux-gnu/libatlas.so 
/usr/bin/ld: CMakeFiles/cmTC_a7d5c.dir/CheckFunctionExists.c.o: in function `main':
CheckFunctionExists.c:(.text+0x10): undefined reference to `cheev_'
collect2: error: ld returned 1 exit status
make[1]: *** [CMakeFiles/cmTC_a7d5c.dir/build.make:89：cmTC_a7d5c] 错误 1
make[1]: 离开目录“/home/tan/reading/slambook2/ch6/ceres_curve_fitting/build/CMakeFiles/CMakeTmp”
make: *** [Makefile:121：cmTC_a7d5c/fast] 错误 2



