Performing C SOURCE FILE Test CMAKE_HAVE_LIBC_PTHREAD failed with the following output:
Change Dir: /home/tan/reading/slambook2/ch4/example/build/CMakeFiles/CMakeTmp

Run Build Command(s):/usr/bin/make cmTC_21f19/fast && /usr/bin/make -f CMakeFiles/cmTC_21f19.dir/build.make CMakeFiles/cmTC_21f19.dir/build
make[1]: 进入目录“/home/tan/reading/slambook2/ch4/example/build/CMakeFiles/CMakeTmp”
Building C object CMakeFiles/cmTC_21f19.dir/src.c.o
/usr/bin/cc   -DCMAKE_HAVE_LIBC_PTHREAD   -o CMakeFiles/cmTC_21f19.dir/src.c.o   -c /home/tan/reading/slambook2/ch4/example/build/CMakeFiles/CMakeTmp/src.c
Linking C executable cmTC_21f19
/usr/bin/cmake -E cmake_link_script CMakeFiles/cmTC_21f19.dir/link.txt --verbose=1
/usr/bin/cc  -DCMAKE_HAVE_LIBC_PTHREAD    -rdynamic CMakeFiles/cmTC_21f19.dir/src.c.o  -o cmTC_21f19 
/usr/bin/ld: CMakeFiles/cmTC_21f19.dir/src.c.o: in function `main':
src.c:(.text+0x3e): undefined reference to `pthread_create'
/usr/bin/ld: src.c:(.text+0x4a): undefined reference to `pthread_detach'
/usr/bin/ld: src.c:(.text+0x5b): undefined reference to `pthread_join'
collect2: error: ld returned 1 exit status
make[1]: *** [CMakeFiles/cmTC_21f19.dir/build.make:87：cmTC_21f19] 错误 1
make[1]: 离开目录“/home/tan/reading/slambook2/ch4/example/build/CMakeFiles/CMakeTmp”
make: *** [Makefile:121：cmTC_21f19/fast] 错误 2


Source file was:
#include <pthread.h>

void* test_func(void* data)
{
  return data;
}

int main(void)
{
  pthread_t thread;
  pthread_create(&thread, NULL, test_func, NULL);
  pthread_detach(thread);
  pthread_join(thread, NULL);
  pthread_atfork(NULL, NULL, NULL);
  pthread_exit(NULL);

  return 0;
}

Determining if the function pthread_create exists in the pthreads failed with the following output:
Change Dir: /home/tan/reading/slambook2/ch4/example/build/CMakeFiles/CMakeTmp

Run Build Command(s):/usr/bin/make cmTC_7bcd8/fast && /usr/bin/make -f CMakeFiles/cmTC_7bcd8.dir/build.make CMakeFiles/cmTC_7bcd8.dir/build
make[1]: 进入目录“/home/tan/reading/slambook2/ch4/example/build/CMakeFiles/CMakeTmp”
Building C object CMakeFiles/cmTC_7bcd8.dir/CheckFunctionExists.c.o
/usr/bin/cc   -DCHECK_FUNCTION_EXISTS=pthread_create   -o CMakeFiles/cmTC_7bcd8.dir/CheckFunctionExists.c.o   -c /usr/share/cmake-3.16/Modules/CheckFunctionExists.c
Linking C executable cmTC_7bcd8
/usr/bin/cmake -E cmake_link_script CMakeFiles/cmTC_7bcd8.dir/link.txt --verbose=1
/usr/bin/cc  -DCHECK_FUNCTION_EXISTS=pthread_create    -rdynamic CMakeFiles/cmTC_7bcd8.dir/CheckFunctionExists.c.o  -o cmTC_7bcd8  -lpthreads 
/usr/bin/ld: 找不到 -lpthreads
collect2: error: ld returned 1 exit status
make[1]: *** [CMakeFiles/cmTC_7bcd8.dir/build.make:87：cmTC_7bcd8] 错误 1
make[1]: 离开目录“/home/tan/reading/slambook2/ch4/example/build/CMakeFiles/CMakeTmp”
make: *** [Makefile:121：cmTC_7bcd8/fast] 错误 2



Performing C SOURCE FILE Test CMAKE_HAVE_LIBC_PTHREAD failed with the following output:
Change Dir: /home/tan/reading/slambook2/ch4/example/build/CMakeFiles/CMakeTmp

Run Build Command(s):/usr/bin/make cmTC_9e2a0/fast && /usr/bin/make -f CMakeFiles/cmTC_9e2a0.dir/build.make CMakeFiles/cmTC_9e2a0.dir/build
make[1]: 进入目录“/home/tan/reading/slambook2/ch4/example/build/CMakeFiles/CMakeTmp”
Building C object CMakeFiles/cmTC_9e2a0.dir/src.c.o
/usr/bin/cc   -DCMAKE_HAVE_LIBC_PTHREAD   -o CMakeFiles/cmTC_9e2a0.dir/src.c.o   -c /home/tan/reading/slambook2/ch4/example/build/CMakeFiles/CMakeTmp/src.c
Linking C executable cmTC_9e2a0
/usr/bin/cmake -E cmake_link_script CMakeFiles/cmTC_9e2a0.dir/link.txt --verbose=1
/usr/bin/cc  -DCMAKE_HAVE_LIBC_PTHREAD    -rdynamic CMakeFiles/cmTC_9e2a0.dir/src.c.o  -o cmTC_9e2a0 
/usr/bin/ld: CMakeFiles/cmTC_9e2a0.dir/src.c.o: in function `main':
src.c:(.text+0x3e): undefined reference to `pthread_create'
/usr/bin/ld: src.c:(.text+0x4a): undefined reference to `pthread_detach'
/usr/bin/ld: src.c:(.text+0x5b): undefined reference to `pthread_join'
collect2: error: ld returned 1 exit status
make[1]: *** [CMakeFiles/cmTC_9e2a0.dir/build.make:87：cmTC_9e2a0] 错误 1
make[1]: 离开目录“/home/tan/reading/slambook2/ch4/example/build/CMakeFiles/CMakeTmp”
make: *** [Makefile:121：cmTC_9e2a0/fast] 错误 2


Source file was:
#include <pthread.h>

void* test_func(void* data)
{
  return data;
}

int main(void)
{
  pthread_t thread;
  pthread_create(&thread, NULL, test_func, NULL);
  pthread_detach(thread);
  pthread_join(thread, NULL);
  pthread_atfork(NULL, NULL, NULL);
  pthread_exit(NULL);

  return 0;
}

Determining if the function pthread_create exists in the pthreads failed with the following output:
Change Dir: /home/tan/reading/slambook2/ch4/example/build/CMakeFiles/CMakeTmp

Run Build Command(s):/usr/bin/make cmTC_ae4c8/fast && /usr/bin/make -f CMakeFiles/cmTC_ae4c8.dir/build.make CMakeFiles/cmTC_ae4c8.dir/build
make[1]: 进入目录“/home/tan/reading/slambook2/ch4/example/build/CMakeFiles/CMakeTmp”
Building C object CMakeFiles/cmTC_ae4c8.dir/CheckFunctionExists.c.o
/usr/bin/cc   -DCHECK_FUNCTION_EXISTS=pthread_create   -o CMakeFiles/cmTC_ae4c8.dir/CheckFunctionExists.c.o   -c /usr/share/cmake-3.16/Modules/CheckFunctionExists.c
Linking C executable cmTC_ae4c8
/usr/bin/cmake -E cmake_link_script CMakeFiles/cmTC_ae4c8.dir/link.txt --verbose=1
/usr/bin/cc  -DCHECK_FUNCTION_EXISTS=pthread_create    -rdynamic CMakeFiles/cmTC_ae4c8.dir/CheckFunctionExists.c.o  -o cmTC_ae4c8  -lpthreads 
/usr/bin/ld: 找不到 -lpthreads
collect2: error: ld returned 1 exit status
make[1]: *** [CMakeFiles/cmTC_ae4c8.dir/build.make:87：cmTC_ae4c8] 错误 1
make[1]: 离开目录“/home/tan/reading/slambook2/ch4/example/build/CMakeFiles/CMakeTmp”
make: *** [Makefile:121：cmTC_ae4c8/fast] 错误 2



