Performing C SOURCE FILE Test CMAKE_HAVE_LIBC_PTHREAD failed with the following output:
Change Dir: /home/tan/reading/slambook2/ch5/pointcloud_merge/build/CMakeFiles/CMakeTmp

Run Build Command(s):/usr/bin/make cmTC_59851/fast && make[1]: 进入目录“/home/tan/reading/slambook2/ch5/pointcloud_merge/build/CMakeFiles/CMakeTmp”
/usr/bin/make -f CMakeFiles/cmTC_59851.dir/build.make CMakeFiles/cmTC_59851.dir/build
make[2]: 进入目录“/home/tan/reading/slambook2/ch5/pointcloud_merge/build/CMakeFiles/CMakeTmp”
Building C object CMakeFiles/cmTC_59851.dir/src.c.o
/usr/bin/cc   -DCMAKE_HAVE_LIBC_PTHREAD   -o CMakeFiles/cmTC_59851.dir/src.c.o   -c /home/tan/reading/slambook2/ch5/pointcloud_merge/build/CMakeFiles/CMakeTmp/src.c
Linking C executable cmTC_59851
/usr/bin/cmake -E cmake_link_script CMakeFiles/cmTC_59851.dir/link.txt --verbose=1
/usr/bin/cc   -DCMAKE_HAVE_LIBC_PTHREAD    -rdynamic CMakeFiles/cmTC_59851.dir/src.c.o  -o cmTC_59851 
/usr/bin/ld: CMakeFiles/cmTC_59851.dir/src.c.o: in function `main':
src.c:(.text+0x3e): undefined reference to `pthread_create'
/usr/bin/ld: src.c:(.text+0x4a): undefined reference to `pthread_detach'
/usr/bin/ld: src.c:(.text+0x5b): undefined reference to `pthread_join'
collect2: error: ld returned 1 exit status
make[2]: *** [CMakeFiles/cmTC_59851.dir/build.make:87：cmTC_59851] 错误 1
make[2]: 离开目录“/home/tan/reading/slambook2/ch5/pointcloud_merge/build/CMakeFiles/CMakeTmp”
make[1]: *** [Makefile:121：cmTC_59851/fast] 错误 2
make[1]: 离开目录“/home/tan/reading/slambook2/ch5/pointcloud_merge/build/CMakeFiles/CMakeTmp”


Source file was:
#include <pthread.h>

void* test_func(void* data)
{
  return data;
}

int main(void)
{
  pthread_t thread;
  pthread_create(&thread, NULL, test_func, NULL);
  pthread_detach(thread);
  pthread_join(thread, NULL);
  pthread_atfork(NULL, NULL, NULL);
  pthread_exit(NULL);

  return 0;
}

Determining if the function pthread_create exists in the pthreads failed with the following output:
Change Dir: /home/tan/reading/slambook2/ch5/pointcloud_merge/build/CMakeFiles/CMakeTmp

Run Build Command(s):/usr/bin/make cmTC_f4ef5/fast && make[1]: 进入目录“/home/tan/reading/slambook2/ch5/pointcloud_merge/build/CMakeFiles/CMakeTmp”
/usr/bin/make -f CMakeFiles/cmTC_f4ef5.dir/build.make CMakeFiles/cmTC_f4ef5.dir/build
make[2]: 进入目录“/home/tan/reading/slambook2/ch5/pointcloud_merge/build/CMakeFiles/CMakeTmp”
Building C object CMakeFiles/cmTC_f4ef5.dir/CheckFunctionExists.c.o
/usr/bin/cc   -DCHECK_FUNCTION_EXISTS=pthread_create   -o CMakeFiles/cmTC_f4ef5.dir/CheckFunctionExists.c.o   -c /usr/share/cmake-3.16/Modules/CheckFunctionExists.c
Linking C executable cmTC_f4ef5
/usr/bin/cmake -E cmake_link_script CMakeFiles/cmTC_f4ef5.dir/link.txt --verbose=1
/usr/bin/cc   -DCHECK_FUNCTION_EXISTS=pthread_create    -rdynamic CMakeFiles/cmTC_f4ef5.dir/CheckFunctionExists.c.o  -o cmTC_f4ef5  -lpthreads 
/usr/bin/ld: 找不到 -lpthreads
collect2: error: ld returned 1 exit status
make[2]: *** [CMakeFiles/cmTC_f4ef5.dir/build.make:87：cmTC_f4ef5] 错误 1
make[2]: 离开目录“/home/tan/reading/slambook2/ch5/pointcloud_merge/build/CMakeFiles/CMakeTmp”
make[1]: *** [Makefile:121：cmTC_f4ef5/fast] 错误 2
make[1]: 离开目录“/home/tan/reading/slambook2/ch5/pointcloud_merge/build/CMakeFiles/CMakeTmp”



Performing C SOURCE FILE Test CMAKE_HAVE_LIBC_PTHREAD failed with the following output:
Change Dir: /home/tan/reading/slambook2/ch5/pointcloud_merge/build/CMakeFiles/CMakeTmp

Run Build Command(s):/usr/bin/make cmTC_34676/fast && /usr/bin/make -f CMakeFiles/cmTC_34676.dir/build.make CMakeFiles/cmTC_34676.dir/build
make[1]: 进入目录“/home/tan/reading/slambook2/ch5/pointcloud_merge/build/CMakeFiles/CMakeTmp”
Building C object CMakeFiles/cmTC_34676.dir/src.c.o
/usr/bin/cc   -DCMAKE_HAVE_LIBC_PTHREAD   -o CMakeFiles/cmTC_34676.dir/src.c.o   -c /home/tan/reading/slambook2/ch5/pointcloud_merge/build/CMakeFiles/CMakeTmp/src.c
Linking C executable cmTC_34676
/usr/bin/cmake -E cmake_link_script CMakeFiles/cmTC_34676.dir/link.txt --verbose=1
/usr/bin/cc  -DCMAKE_HAVE_LIBC_PTHREAD    -rdynamic CMakeFiles/cmTC_34676.dir/src.c.o  -o cmTC_34676 
/usr/bin/ld: CMakeFiles/cmTC_34676.dir/src.c.o: in function `main':
src.c:(.text+0x3e): undefined reference to `pthread_create'
/usr/bin/ld: src.c:(.text+0x4a): undefined reference to `pthread_detach'
/usr/bin/ld: src.c:(.text+0x5b): undefined reference to `pthread_join'
collect2: error: ld returned 1 exit status
make[1]: *** [CMakeFiles/cmTC_34676.dir/build.make:87：cmTC_34676] 错误 1
make[1]: 离开目录“/home/tan/reading/slambook2/ch5/pointcloud_merge/build/CMakeFiles/CMakeTmp”
make: *** [Makefile:121：cmTC_34676/fast] 错误 2


Source file was:
#include <pthread.h>

void* test_func(void* data)
{
  return data;
}

int main(void)
{
  pthread_t thread;
  pthread_create(&thread, NULL, test_func, NULL);
  pthread_detach(thread);
  pthread_join(thread, NULL);
  pthread_atfork(NULL, NULL, NULL);
  pthread_exit(NULL);

  return 0;
}

Determining if the function pthread_create exists in the pthreads failed with the following output:
Change Dir: /home/tan/reading/slambook2/ch5/pointcloud_merge/build/CMakeFiles/CMakeTmp

Run Build Command(s):/usr/bin/make cmTC_8b645/fast && /usr/bin/make -f CMakeFiles/cmTC_8b645.dir/build.make CMakeFiles/cmTC_8b645.dir/build
make[1]: 进入目录“/home/tan/reading/slambook2/ch5/pointcloud_merge/build/CMakeFiles/CMakeTmp”
Building C object CMakeFiles/cmTC_8b645.dir/CheckFunctionExists.c.o
/usr/bin/cc   -DCHECK_FUNCTION_EXISTS=pthread_create   -o CMakeFiles/cmTC_8b645.dir/CheckFunctionExists.c.o   -c /usr/share/cmake-3.16/Modules/CheckFunctionExists.c
Linking C executable cmTC_8b645
/usr/bin/cmake -E cmake_link_script CMakeFiles/cmTC_8b645.dir/link.txt --verbose=1
/usr/bin/cc  -DCHECK_FUNCTION_EXISTS=pthread_create    -rdynamic CMakeFiles/cmTC_8b645.dir/CheckFunctionExists.c.o  -o cmTC_8b645  -lpthreads 
/usr/bin/ld: 找不到 -lpthreads
collect2: error: ld returned 1 exit status
make[1]: *** [CMakeFiles/cmTC_8b645.dir/build.make:87：cmTC_8b645] 错误 1
make[1]: 离开目录“/home/tan/reading/slambook2/ch5/pointcloud_merge/build/CMakeFiles/CMakeTmp”
make: *** [Makefile:121：cmTC_8b645/fast] 错误 2



